INFO: Using the sample.csv file for input
line: 1  lexeme: |2020/02/01|  length: 10  token: 10
line: 1  lexeme: |,|  length: 1  token: 20
line: 1  lexeme: |2020/02/01|  length: 10  token: 10
line: 1  lexeme: |,|  length: 1  token: 20
line: 1  lexeme: |2020/04/18|  length: 10  token: 10
line: 1  lexeme: |,|  length: 1  token: 20
line: 1  lexeme: |2020/02/01|  length: 10  token: 10
line: 1  lexeme: |,|  length: 1  token: 20
line: 1  lexeme: |Laboratory-confirmed case|  length: 25  token: 40
line: 1  lexeme: |,|  length: 1  token: 20
line: 1  lexeme: |Female|  length: 6  token: 51
line: 1  lexeme: |,|  length: 1  token: 20
line: 1  lexeme: |0 - 9 Years|  length: 11  token: 60
line: 1  lexeme: |,|  length: 1  token: 20
line: 1  lexeme: |Unknown|  length: 7  token: 32
line: 1  lexeme: |,|  length: 1  token: 20
line: 1  lexeme: |Missing|  length: 7  token: 33
line: 1  lexeme: |,|  length: 1  token: 20
line: 1  lexeme: |Missing|  length: 7  token: 33
line: 1  lexeme: |,|  length: 1  token: 20
line: 1  lexeme: |Missing|  length: 7  token: 33
line: 1  lexeme: |,|  length: 1  token: 20
line: 1  lexeme: |Missing|  length: 7  token: 33
line: 2  lexeme: |2020/02/01|  length: 10  token: 10
line: 2  lexeme: |,|  length: 1  token: 20
line: 2  lexeme: |2020/11/12|  length: 10  token: 10
line: 2  lexeme: |,|  length: 1  token: 20
line: 2  lexeme: |,|  length: 1  token: 20
line: 2  lexeme: |2020/02/01|  length: 10  token: 10
line: 2  lexeme: |,|  length: 1  token: 20
line: 2  lexeme: |Laboratory-confirmed case|  length: 25  token: 40
line: 2  lexeme: |,|  length: 1  token: 20
line: 2  lexeme: |Female|  length: 6  token: 51
line: 2  lexeme: |,|  length: 1  token: 20
line: 2  lexeme: |10 - 19 Years|  length: 13  token: 61
line: 2  lexeme: |,|  length: 1  token: 20
line: 2  lexeme: |"White, Non-Hispanic"|  length: 21  token: 75
line: 2  lexeme: |,|  length: 1  token: 20
line: 2  lexeme: |No|  length: 2  token: 31
line: 2  lexeme: |,|  length: 1  token: 20
line: 2  lexeme: |Missing|  length: 7  token: 33
line: 2  lexeme: |,|  length: 1  token: 20
line: 2  lexeme: |No|  length: 2  token: 31
line: 2  lexeme: |,|  length: 1  token: 20
line: 2  lexeme: |Missing|  length: 7  token: 33
line: 3  lexeme: |2020/02/01|  length: 10  token: 10
line: 3  lexeme: |,|  length: 1  token: 20
line: 3  lexeme: |2020/06/15|  length: 10  token: 10
line: 3  lexeme: |,|  length: 1  token: 20
line: 3  lexeme: |,|  length: 1  token: 20
line: 3  lexeme: |2020/02/01|  length: 10  token: 10
line: 3  lexeme: |,|  length: 1  token: 20
line: 3  lexeme: |Probable Case|  length: 13  token: 41
line: 3  lexeme: |,|  length: 1  token: 20
line: 3  lexeme: |Female|  length: 6  token: 51
line: 3  lexeme: |,|  length: 1  token: 20
line: 3  lexeme: |10 - 19 Years|  length: 13  token: 61
line: 3  lexeme: |,|  length: 1  token: 20
line: 3  lexeme: |"White, Non-Hispanic"|  length: 21  token: 75
line: 3  lexeme: |,|  length: 1  token: 20
line: 3  lexeme: |No|  length: 2  token: 31
line: 3  lexeme: |,|  length: 1  token: 20
line: 3  lexeme: |No|  length: 2  token: 31
line: 3  lexeme: |,|  length: 1  token: 20
line: 3  lexeme: |No|  length: 2  token: 31
line: 3  lexeme: |,|  length: 1  token: 20
line: 3  lexeme: |Yes|  length: 3  token: 30
line: 4  lexeme: |2020/02/01|  length: 10  token: 10
line: 4  lexeme: |,|  length: 1  token: 20
line: 4  lexeme: |2020/06/21|  length: 10  token: 10
line: 4  lexeme: |,|  length: 1  token: 20
line: 4  lexeme: |,|  length: 1  token: 20
line: 4  lexeme: |2020/02/01|  length: 10  token: 10
line: 4  lexeme: |,|  length: 1  token: 20
line: 4  lexeme: |probable case|  length: 13  token: 41
line: 4  lexeme: |,|  length: 1  token: 20
line: 4  lexeme: |female|  length: 6  token: 51
line: 4  lexeme: |,|  length: 1  token: 20
line: 4  lexeme: |10 - 19 Years|  length: 13  token: 61
line: 4  lexeme: |,|  length: 1  token: 20
line: 4  lexeme: |"white, Non-Hispanic"|  length: 21  token: 75
line: 4  lexeme: |,|  length: 1  token: 20
line: 4  lexeme: |No|  length: 2  token: 31
line: 4  lexeme: |,|  length: 1  token: 20
line: 4  lexeme: |Missing|  length: 7  token: 33
line: 4  lexeme: |,|  length: 1  token: 20
line: 4  lexeme: |no|  length: 2  token: 31
line: 4  lexeme: |,|  length: 1  token: 20
line: 4  lexeme: |Missing|  length: 7  token: 33
line: 5  lexeme: |2020/02/01|  length: 10  token: 10
line: 5  lexeme: |,|  length: 1  token: 20
line: 5  lexeme: |2020/12/18|  length: 10  token: 10
line: 5  lexeme: |,|  length: 1  token: 20
line: 5  lexeme: |,|  length: 1  token: 20
line: 5  lexeme: |2020/02/01|  length: 10  token: 10
line: 5  lexeme: |,|  length: 1  token: 20
line: 5  lexeme: |Laboratory-confirmed case|  length: 25  token: 40
line: 5  lexeme: |,|  length: 1  token: 20
line: 5  lexeme: |Female|  length: 6  token: 51
line: 5  lexeme: |,|  length: 1  token: 20
line: 5  lexeme: |10 - 19 Years|  length: 13  token: 61
line: 5  lexeme: |,|  length: 1  token: 20
line: 5  lexeme: |"Multiple/Other, Non-Hispanic"|  length: 30  token: 76
line: 5  lexeme: |,|  length: 1  token: 20
line: 5  lexeme: |No|  length: 2  token: 31
line: 5  lexeme: |,|  length: 1  token: 20
line: 5  lexeme: |Missing|  length: 7  token: 33
line: 5  lexeme: |,|  length: 1  token: 20
line: 5  lexeme: |No|  length: 2  token: 31
line: 5  lexeme: |,|  length: 1  token: 20
line: 5  lexeme: |Missing|  length: 7  token: 33
line: 6  lexeme: |2020/02/01|  length: 10  token: 10
line: 6  lexeme: |,|  length: 1  token: 20
line: 6  lexeme: |2020/07/29|  length: 10  token: 10
line: 6  lexeme: |,|  length: 1  token: 20
line: 6  lexeme: |,|  length: 1  token: 20
line: 6  lexeme: |2020/02/01|  length: 10  token: 10
line: 6  lexeme: |,|  length: 1  token: 20
line: 6  lexeme: |Laboratory-confirmed case|  length: 25  token: 40
line: 6  lexeme: |,|  length: 1  token: 20
line: 6  lexeme: |Male|  length: 4  token: 50
line: 6  lexeme: |,|  length: 1  token: 20
line: 6  lexeme: |10 - 19 Years|  length: 13  token: 61
line: 6  lexeme: |,|  length: 1  token: 20
line: 6  lexeme: |Unknown|  length: 7  token: 32
line: 6  lexeme: |,|  length: 1  token: 20
line: 6  lexeme: |Missing|  length: 7  token: 33
line: 6  lexeme: |,|  length: 1  token: 20
line: 6  lexeme: |Missing|  length: 7  token: 33
line: 6  lexeme: |,|  length: 1  token: 20
line: 6  lexeme: |No|  length: 2  token: 31
line: 6  lexeme: |,|  length: 1  token: 20
line: 6  lexeme: |Missing|  length: 7  token: 33
Found end of file...
